<?xml version="1.0" encoding="UTF-8"?>
<!-- Generated by org.testng.reporters.JUnitReportReporter -->
<testsuite hostname="DESKTOP-F3VV990" failures="0" tests="1" name="com.javalaya.maven_pageobjectmodel_snapdeal.testrunner.Snapdeal_Testrunner" time="71.557" errors="0" timestamp="2023-04-28T14:46:37 IST" skipped="0">
  <testcase classname="com.javalaya.maven_pageobjectmodel_snapdeal.testrunner.Snapdeal_Testrunner" name="loadTestData" time="71.557"/>
  <system-out/>
</testsuite> <!-- com.javalaya.maven_pageobjectmodel_snapdeal.testrunner.Snapdeal_Testrunner -->
