<?xml version="1.0" encoding="UTF-8"?>
<!-- Generated by org.testng.reporters.JUnitReportReporter -->
<testsuite hostname="DESKTOP-F3VV990" failures="0" tests="1" name="com.javalaya.maven_pageobjectmodel_snapdeal.testrunner.Snapdeal_Testrunner3" time="25.087" errors="0" timestamp="2023-03-31T12:14:56 IST" skipped="0">
  <testcase classname="com.javalaya.maven_pageobjectmodel_snapdeal.testrunner.Snapdeal_Testrunner3" name="selectCoffeMug2" time="25.087"/>
  <system-out/>
</testsuite> <!-- com.javalaya.maven_pageobjectmodel_snapdeal.testrunner.Snapdeal_Testrunner3 -->
