<?xml version="1.0" encoding="UTF-8"?>
<!-- Generated by org.testng.reporters.JUnitReportReporter -->
<testsuite hostname="DESKTOP-F3VV990" failures="0" tests="2" name="com.javalaya.maven_pageobjectmodel_snapdeal.testrunner.Snapdeal_Testrunner2" time="31.747" errors="0" timestamp="2023-03-29T18:59:27 IST" skipped="0">
  <testcase classname="com.javalaya.maven_pageobjectmodel_snapdeal.testrunner.Snapdeal_Testrunner2" name="verifySnapdealTitle" time="25.573"/>
  <system-out/>
  <testcase classname="com.javalaya.maven_pageobjectmodel_snapdeal.testrunner.Snapdeal_Testrunner2" name="verifySnapdealTitle2" time="6.174"/>
  <system-out/>
</testsuite> <!-- com.javalaya.maven_pageobjectmodel_snapdeal.testrunner.Snapdeal_Testrunner2 -->
