<?xml version="1.0" encoding="UTF-8"?>
<!-- Generated by org.testng.reporters.JUnitReportReporter -->
<testsuite hostname="DESKTOP-F3VV990" failures="0" tests="1" name="com.javalaya.maven_pageobjectmodel_snapdeal.testrunner.Snapdeal_Testrunner4" time="5.471" errors="0" timestamp="2023-05-01T18:15:10 IST" skipped="0">
  <testcase classname="com.javalaya.maven_pageobjectmodel_snapdeal.testrunner.Snapdeal_Testrunner4" name="verifyfirsttest" time="5.471"/>
  <system-out/>
</testsuite> <!-- com.javalaya.maven_pageobjectmodel_snapdeal.testrunner.Snapdeal_Testrunner4 -->
