<?xml version="1.0" encoding="UTF-8"?>
<!-- Generated by org.testng.reporters.JUnitReportReporter -->
<testsuite hostname="DESKTOP-F3VV990" failures="0" tests="1" name="com.javalaya.maven_pageobjectmodel_snapdeal.testrunner.Snapdeal_Testrunner4" time="9.791" errors="0" timestamp="2023-05-03T11:14:00 IST" skipped="0">
  <testcase classname="com.javalaya.maven_pageobjectmodel_snapdeal.testrunner.Snapdeal_Testrunner4" name="verifyfirsttest" time="9.791"/>
  <system-out/>
</testsuite> <!-- com.javalaya.maven_pageobjectmodel_snapdeal.testrunner.Snapdeal_Testrunner4 -->
